2025-05-13 23:38:14,456 - INFO - 使用现有数据文件
2025-05-13 23:38:14,622 - INFO - 视频数据已加载到缓存
2025-05-13 23:38:15,059 - INFO - 操作数据已加载到缓存
2025-05-13 23:38:15,061 - INFO - 用户数据已加载到缓存
2025-05-13 23:38:15,061 - INFO - 所有数据预加载完成
2025-05-13 23:41:34,241 - INFO - 使用现有数据文件
2025-05-13 23:41:34,397 - INFO - 视频数据已加载到缓存
2025-05-13 23:41:34,806 - INFO - 操作数据已加载到缓存
2025-05-13 23:41:34,809 - INFO - 用户数据已加载到缓存
2025-05-13 23:41:34,809 - INFO - 所有数据预加载完成
2025-05-13 23:41:40,845 - INFO - 成功找到用户 1 的相似用户
2025-05-13 23:41:43,824 - INFO - 成功找到用户 1 的相似用户
2025-05-13 23:41:57,297 - INFO - 成功为用户 1 生成视频推荐
2025-05-13 23:42:00,343 - INFO - 成功为用户 1 生成视频推荐
2025-05-13 23:43:20,568 - INFO - 使用现有数据文件
2025-05-13 23:43:20,729 - INFO - 视频数据已加载到缓存
2025-05-13 23:43:21,136 - INFO - 操作数据已加载到缓存
2025-05-13 23:43:21,138 - INFO - 用户数据已加载到缓存
2025-05-13 23:43:21,138 - INFO - 所有数据预加载完成
2025-05-13 23:43:27,945 - INFO - 成功找到用户 1 的相似用户
2025-05-13 23:45:04,488 - INFO - 使用现有数据文件
2025-05-13 23:45:04,640 - INFO - 视频数据已加载到缓存
2025-05-13 23:45:05,039 - INFO - 操作数据已加载到缓存
2025-05-13 23:45:05,041 - INFO - 用户数据已加载到缓存
2025-05-13 23:45:05,041 - INFO - 所有数据预加载完成
2025-05-13 23:45:09,670 - INFO - 开始处理用户 1 的相似用户分析
2025-05-13 23:45:09,670 - INFO - 视频数据大小: 100000
2025-05-13 23:45:09,670 - INFO - 操作数据大小: 1502324
2025-05-13 23:45:09,783 - INFO - 合并后的数据大小: 1502324
2025-05-13 23:45:12,720 - INFO - 用户-标签矩阵大小: (10000, 10)
2025-05-13 23:45:12,722 - INFO - 找到 5 个相似用户
2025-05-13 23:45:12,722 - INFO - 成功找到用户 1 的相似用户
2025-05-13 23:45:20,031 - INFO - 开始处理用户 1 的视频推荐
2025-05-13 23:45:20,031 - INFO - 视频数据大小: 100000
2025-05-13 23:45:20,031 - INFO - 操作数据大小: 1502324
2025-05-13 23:45:20,033 - INFO - 用户已观看视频数: 128
2025-05-13 23:45:20,130 - INFO - 合并后的数据大小: 1502324
2025-05-13 23:45:22,804 - INFO - 用户-标签矩阵大小: (10000, 10)
2025-05-13 23:45:22,805 - INFO - 找到 50 个相似用户
2025-05-13 23:45:22,811 - INFO - 候选视频数量: 7639
2025-05-13 23:45:22,850 - INFO - 成功为用户 1 生成 10 个视频推荐
2025-05-13 23:45:22,875 - INFO - 开始处理用户 1 的视频推荐
2025-05-13 23:45:22,875 - INFO - 视频数据大小: 100000
2025-05-13 23:45:22,876 - INFO - 操作数据大小: 1502324
2025-05-13 23:45:22,877 - INFO - 用户已观看视频数: 128
2025-05-13 23:45:22,974 - INFO - 合并后的数据大小: 1502324
2025-05-13 23:45:25,864 - INFO - 用户-标签矩阵大小: (10000, 10)
2025-05-13 23:45:25,866 - INFO - 找到 50 个相似用户
2025-05-13 23:45:25,871 - INFO - 候选视频数量: 7639
2025-05-13 23:45:25,911 - INFO - 成功为用户 1 生成 10 个视频推荐
2025-05-13 23:56:32,704 - INFO - 使用现有数据文件
2025-05-13 23:56:32,870 - INFO - 视频数据已加载到缓存
2025-05-13 23:56:33,281 - INFO - 操作数据已加载到缓存
2025-05-13 23:56:33,283 - INFO - 用户数据已加载到缓存
2025-05-13 23:56:33,283 - INFO - 所有数据预加载完成
2025-05-13 23:56:37,347 - ERROR - 任务执行错误: name 'DataCache' is not defined
Traceback (most recent call last):
  File "d:\Python\Backup_VGA - 副本\ui.py", line 294, in _execute_task
    operations_df = DataCache.load_operations()
NameError: name 'DataCache' is not defined
2025-05-13 23:56:45,036 - ERROR - 任务执行错误: name 'DataCache' is not defined
Traceback (most recent call last):
  File "d:\Python\Backup_VGA - 副本\ui.py", line 294, in _execute_task
    operations_df = DataCache.load_operations()
NameError: name 'DataCache' is not defined
2025-05-13 23:58:06,710 - INFO - 使用现有数据文件
2025-05-13 23:58:06,859 - INFO - 视频数据已加载到缓存
2025-05-13 23:58:07,272 - INFO - 操作数据已加载到缓存
2025-05-13 23:58:07,274 - INFO - 用户数据已加载到缓存
2025-05-13 23:58:07,274 - INFO - 所有数据预加载完成
2025-05-13 23:58:10,719 - ERROR - 任务执行错误: name 'DataCache' is not defined
Traceback (most recent call last):
  File "d:\Python\Backup_VGA - 副本\ui.py", line 294, in _execute_task
    operations_df = DataCache.load_operations()
NameError: name 'DataCache' is not defined
2025-05-13 23:59:11,004 - INFO - 使用现有数据文件
2025-05-13 23:59:11,168 - INFO - 视频数据已加载到缓存
2025-05-13 23:59:11,587 - INFO - 操作数据已加载到缓存
2025-05-13 23:59:11,589 - INFO - 用户数据已加载到缓存
2025-05-13 23:59:11,589 - INFO - 所有数据预加载完成
2025-05-13 23:59:14,472 - INFO - 开始处理用户 1 的相似用户分析
2025-05-13 23:59:14,473 - INFO - 视频数据大小: 100000
2025-05-13 23:59:14,473 - INFO - 操作数据大小: 1502324
2025-05-13 23:59:14,580 - INFO - 合并后的数据大小: 1502324
2025-05-13 23:59:17,364 - INFO - 用户-标签矩阵大小: (10000, 10)
2025-05-13 23:59:17,365 - INFO - 找到 5 个相似用户
2025-05-13 23:59:17,365 - INFO - 成功找到用户 1 的相似用户
2025-05-13 23:59:26,091 - INFO - 开始处理用户 1 的视频推荐
2025-05-13 23:59:26,091 - INFO - 视频数据大小: 100000
2025-05-13 23:59:26,091 - INFO - 操作数据大小: 1502324
2025-05-13 23:59:26,092 - INFO - 用户已观看视频数: 128
2025-05-13 23:59:26,179 - INFO - 合并后的数据大小: 1502324
2025-05-13 23:59:29,045 - INFO - 用户-标签矩阵大小: (10000, 10)
2025-05-13 23:59:29,046 - INFO - 找到 50 个相似用户
2025-05-13 23:59:29,052 - INFO - 候选视频数量: 7639
2025-05-13 23:59:29,091 - INFO - 成功为用户 1 生成 10 个视频推荐
2025-05-14 00:09:45,736 - INFO - 使用现有数据文件
2025-05-14 00:09:45,895 - INFO - 视频数据已加载到缓存
2025-05-14 00:09:46,304 - INFO - 操作数据已加载到缓存
2025-05-14 00:09:46,307 - INFO - 用户数据已加载到缓存
2025-05-14 00:09:46,307 - INFO - 所有数据预加载完成
2025-05-14 00:09:49,847 - INFO - 使用现有数据文件
2025-05-14 00:09:50,007 - INFO - 视频数据已加载到缓存
2025-05-14 00:09:50,435 - INFO - 操作数据已加载到缓存
2025-05-14 00:09:50,438 - INFO - 用户数据已加载到缓存
2025-05-14 00:09:50,438 - INFO - 所有数据预加载完成
2025-05-14 00:09:54,001 - INFO - 使用现有数据文件
2025-05-14 00:09:54,183 - INFO - 视频数据已加载到缓存
2025-05-14 00:09:54,611 - INFO - 操作数据已加载到缓存
2025-05-14 00:09:54,614 - INFO - 用户数据已加载到缓存
2025-05-14 00:09:54,614 - INFO - 所有数据预加载完成
2025-05-14 00:10:03,910 - INFO - 使用现有数据文件
2025-05-14 00:10:04,094 - INFO - 视频数据已加载到缓存
2025-05-14 00:10:04,531 - INFO - 操作数据已加载到缓存
2025-05-14 00:10:04,533 - INFO - 用户数据已加载到缓存
2025-05-14 00:10:04,533 - INFO - 所有数据预加载完成
2025-05-14 00:13:09,735 - INFO - 使用现有数据文件
2025-05-14 00:13:09,895 - INFO - 视频数据已加载到缓存
2025-05-14 00:13:10,291 - INFO - 操作数据已加载到缓存
2025-05-14 00:13:10,291 - INFO - 用户数据已加载到缓存
2025-05-14 00:13:10,291 - INFO - 所有数据预加载完成
2025-05-14 00:13:19,708 - INFO - 使用现有数据文件
2025-05-14 00:13:19,865 - INFO - 视频数据已加载到缓存
2025-05-14 00:13:20,259 - INFO - 操作数据已加载到缓存
2025-05-14 00:13:20,259 - INFO - 用户数据已加载到缓存
2025-05-14 00:13:20,259 - INFO - 所有数据预加载完成
2025-05-14 00:13:24,528 - INFO - 开始处理用户 11 的相似用户分析
2025-05-14 00:13:24,528 - INFO - 视频数据大小: 100000
2025-05-14 00:13:24,528 - INFO - 操作数据大小: 1502324
2025-05-14 00:13:24,611 - INFO - 合并后的数据大小: 1502324
2025-05-14 00:13:27,614 - INFO - 用户-标签矩阵大小: (10000, 10)
2025-05-14 00:13:27,614 - INFO - 找到 5 个相似用户
2025-05-14 00:13:27,614 - INFO - 成功找到用户 11 的相似用户
2025-05-14 00:13:27,622 - INFO - 显示结果：5 行数据
2025-05-14 00:13:31,052 - INFO - 开始处理用户 11 的视频推荐
2025-05-14 00:13:31,052 - INFO - 视频数据大小: 100000
2025-05-14 00:13:31,052 - INFO - 操作数据大小: 1502324
2025-05-14 00:13:31,053 - INFO - 用户已观看视频数: 107
2025-05-14 00:13:31,144 - INFO - 合并后的数据大小: 1502324
2025-05-14 00:13:33,835 - INFO - 用户-标签矩阵大小: (10000, 10)
2025-05-14 00:13:33,837 - INFO - 找到 50 个相似用户
2025-05-14 00:13:33,841 - INFO - 候选视频数量: 7686
2025-05-14 00:13:33,881 - INFO - 成功为用户 11 生成 10 个视频推荐
2025-05-14 00:13:33,887 - INFO - 显示结果：10 行数据
2025-05-14 00:30:18,042 - INFO - 数据文件不存在或无效，开始生成新数据
2025-05-14 00:30:18,042 - INFO - 开始生成视频数据
2025-05-14 00:30:18,043 - INFO - 开始生成新的视频数据
2025-05-14 00:30:18,600 - INFO - 视频数据生成完成
2025-05-14 00:30:18,610 - INFO - 开始生成用户操作数据
2025-05-14 00:30:18,610 - INFO - 开始生成新的用户和操作数据
2025-05-14 00:30:35,818 - INFO - 用户和操作数据生成完成
2025-05-14 00:30:36,488 - INFO - 数据生成完成
2025-05-14 00:30:36,967 - INFO - 视频数据已加载到缓存
2025-05-14 00:30:38,151 - INFO - 操作数据已加载到缓存
2025-05-14 00:30:38,156 - INFO - 用户数据已加载到缓存
2025-05-14 00:30:38,156 - INFO - 所有数据预加载完成
2025-05-14 00:30:46,292 - INFO - 开始处理用户 1 的相似用户分析
2025-05-14 00:30:46,292 - INFO - 视频数据大小: 300000
2025-05-14 00:30:46,292 - INFO - 操作数据大小: 4501935
2025-05-14 00:30:46,627 - INFO - 合并后的数据大小: 4501935
2025-05-14 00:30:55,255 - INFO - 用户-标签矩阵大小: (30000, 10)
2025-05-14 00:30:55,258 - INFO - 找到 5 个相似用户
2025-05-14 00:30:55,258 - INFO - 成功找到用户 1 的相似用户
2025-05-14 00:30:55,273 - INFO - 显示结果：5 行数据
2025-05-14 00:31:41,146 - INFO - 开始处理用户 352 的视频推荐
2025-05-14 00:31:41,146 - INFO - 视频数据大小: 300000
2025-05-14 00:31:41,146 - INFO - 操作数据大小: 4501935
2025-05-14 00:31:41,150 - INFO - 用户已观看视频数: 104
2025-05-14 00:31:41,536 - INFO - 合并后的数据大小: 4501935
2025-05-14 00:31:49,560 - INFO - 用户-标签矩阵大小: (30000, 10)
2025-05-14 00:31:49,563 - INFO - 找到 50 个相似用户
2025-05-14 00:31:49,577 - INFO - 候选视频数量: 8131
2025-05-14 00:31:49,628 - INFO - 成功为用户 352 生成 10 个视频推荐
2025-05-14 00:31:49,641 - INFO - 显示结果：10 行数据
2025-05-14 00:31:53,876 - INFO - 开始处理用户 654 的相似用户分析
2025-05-14 00:31:53,876 - INFO - 视频数据大小: 300000
2025-05-14 00:31:53,876 - INFO - 操作数据大小: 4501935
2025-05-14 00:31:54,172 - INFO - 合并后的数据大小: 4501935
2025-05-14 00:32:02,736 - INFO - 用户-标签矩阵大小: (30000, 10)
2025-05-14 00:32:02,739 - INFO - 找到 5 个相似用户
2025-05-14 00:32:02,739 - INFO - 成功找到用户 654 的相似用户
2025-05-14 00:32:02,749 - INFO - 显示结果：5 行数据
2025-05-14 00:32:02,841 - INFO - 开始处理用户 654 的相似用户分析
2025-05-14 00:32:02,841 - INFO - 视频数据大小: 300000
2025-05-14 00:32:02,841 - INFO - 操作数据大小: 4501935
2025-05-14 00:32:03,236 - INFO - 合并后的数据大小: 4501935
2025-05-14 00:32:11,818 - INFO - 用户-标签矩阵大小: (30000, 10)
2025-05-14 00:32:11,821 - INFO - 找到 5 个相似用户
2025-05-14 00:32:11,821 - INFO - 成功找到用户 654 的相似用户
2025-05-14 00:32:11,832 - INFO - 显示结果：5 行数据
2025-05-14 11:46:13,385 - INFO - 使用现有数据文件
2025-05-14 11:46:14,537 - INFO - 视频数据已加载到缓存
2025-05-14 11:46:17,507 - INFO - 操作数据已加载到缓存
2025-05-14 11:46:17,518 - INFO - 用户数据已加载到缓存
2025-05-14 11:46:17,518 - INFO - 所有数据预加载完成
2025-05-14 11:46:36,462 - INFO - 开始处理用户 111 的相似用户分析
2025-05-14 11:46:36,462 - INFO - 视频数据大小: 300000
2025-05-14 11:46:36,462 - INFO - 操作数据大小: 4501935
2025-05-14 11:46:37,089 - INFO - 合并后的数据大小: 4501935
2025-05-14 11:46:57,034 - INFO - 用户-标签矩阵大小: (30000, 10)
2025-05-14 11:46:57,043 - INFO - 找到 5 个相似用户
2025-05-14 11:46:57,043 - INFO - 成功找到用户 111 的相似用户
2025-05-14 11:46:57,065 - INFO - 显示结果：5 行数据
2025-05-14 11:46:57,197 - INFO - 开始处理用户 111 的相似用户分析
2025-05-14 11:46:57,197 - INFO - 视频数据大小: 300000
2025-05-14 11:46:57,197 - INFO - 操作数据大小: 4501935
2025-05-14 11:46:57,817 - INFO - 合并后的数据大小: 4501935
2025-05-14 11:47:17,908 - INFO - 用户-标签矩阵大小: (30000, 10)
2025-05-14 11:47:17,914 - INFO - 找到 5 个相似用户
2025-05-14 11:47:17,914 - INFO - 成功找到用户 111 的相似用户
2025-05-14 11:47:17,938 - INFO - 显示结果：5 行数据
2025-05-14 19:32:13,805 - INFO - ʹļ
2025-05-14 19:32:14,425 - INFO - ƵѼص
2025-05-14 19:32:15,803 - INFO - Ѽص
2025-05-14 19:32:15,807 - INFO - ûѼص
2025-05-14 19:32:15,807 - INFO - Ԥ
2025-05-14 19:32:20,808 - INFO - ʼû 111 û
2025-05-14 19:32:20,808 - INFO - ƵݴС: 300000
2025-05-14 19:32:20,808 - INFO - ݴС: 4501935
2025-05-14 19:32:21,275 - INFO - ϲݴС: 4501935
2025-05-14 19:32:29,049 - INFO - û-ǩС: (30000, 10)
2025-05-14 19:32:29,052 - INFO - ҵ 5 û
2025-05-14 19:32:29,052 - INFO - ɹҵû 111 û
2025-05-14 19:32:29,072 - INFO - ʾ5 
2025-05-14 19:32:32,980 - INFO - ʼû 222 û
2025-05-14 19:32:32,980 - INFO - ƵݴС: 300000
2025-05-14 19:32:32,980 - INFO - ݴС: 4501935
2025-05-14 19:32:33,385 - INFO - ϲݴС: 4501935
2025-05-14 19:32:41,291 - INFO - û-ǩС: (30000, 10)
2025-05-14 19:32:41,295 - INFO - ҵ 5 û
2025-05-14 19:32:41,296 - INFO - ɹҵû 222 û
2025-05-14 19:32:41,308 - INFO - ʾ5 
2025-05-14 19:33:45,291 - INFO - ʹļ
2025-05-14 19:33:45,883 - INFO - ƵѼص
2025-05-14 19:33:47,161 - INFO - Ѽص
2025-05-14 19:33:47,165 - INFO - ûѼص
2025-05-14 19:33:47,165 - INFO - Ԥ
2025-05-14 19:51:31,082 - INFO - ʹļ
2025-05-14 19:51:31,656 - INFO - ƵѼص
2025-05-14 19:51:32,973 - INFO - Ѽص
2025-05-14 19:51:32,978 - INFO - ûѼص
2025-05-14 19:51:32,978 - INFO - Ԥ
2025-05-14 19:51:36,049 - INFO - ʼû 111 û
2025-05-14 19:51:36,916 - INFO - ɹҵû 111 û
2025-05-14 19:51:36,927 - INFO - ʾ5 
2025-05-14 19:51:44,459 - INFO - ʼû 111 ƵƼ
2025-05-14 19:51:44,471 - INFO - ûѹۿƵ: 191
2025-05-14 19:51:44,491 - INFO - ʼû 111 û
2025-05-14 19:51:44,492 - INFO - ɹҵû 111 û
2025-05-14 19:51:44,597 - INFO - ɹΪû 111  10 ƵƼ
2025-05-14 19:51:44,599 - INFO - ʾ10 
2025-05-14 19:51:50,987 - INFO - ʼû 222 ƵƼ
2025-05-14 19:51:50,991 - INFO - ûѹۿƵ: 197
2025-05-14 19:51:51,010 - INFO - ʼû 222 û
2025-05-14 19:51:51,011 - INFO - ɹҵû 222 û
2025-05-14 19:51:51,117 - INFO - ɹΪû 222  10 ƵƼ
2025-05-14 19:51:51,118 - INFO - ʾ10 
2025-05-14 19:51:57,879 - INFO - ʹļ
2025-05-14 19:51:58,481 - INFO - ƵѼص
2025-05-14 19:51:59,785 - INFO - Ѽص
2025-05-14 19:51:59,789 - INFO - ûѼص
2025-05-14 19:51:59,789 - INFO - Ԥ
2025-05-14 19:52:01,710 - INFO - ʼû 111 û
2025-05-14 19:52:02,521 - INFO - ɹҵû 111 û
2025-05-14 19:52:02,522 - INFO - ʾ5 
